<?xml version="1.0" encoding="UTF-8"?>
<testng-results ignored="0" total="1" passed="1" failed="0" skipped="0">
  <reporter-output>
  </reporter-output>
  <suite started-at="2024-05-30T16:15:46 IST" name="Default suite" finished-at="2024-05-30T16:16:46 IST" duration-ms="59634">
    <groups>
    </groups>
    <test started-at="2024-05-30T16:15:46 IST" name="Default test" finished-at="2024-05-30T16:16:46 IST" duration-ms="59634">
      <class name="com.wadia.qa.testcases.LoginAttemptsTestCases">
        <test-method is-config="true" signature="setUp()[pri:0, instance:com.wadia.qa.testcases.LoginAttemptsTestCases@6eda5c9]" started-at="2024-05-30T16:15:46 IST" name="setUp" finished-at="2024-05-30T16:16:34 IST" duration-ms="48109" status="PASS">
          <reporter-output>
          </reporter-output>
        </test-method> <!-- setUp -->
        <test-method signature="verifyLoginAttempts()[pri:0, instance:com.wadia.qa.testcases.LoginAttemptsTestCases@6eda5c9]" started-at="2024-05-30T16:16:34 IST" name="verifyLoginAttempts" finished-at="2024-05-30T16:16:45 IST" duration-ms="11323" status="PASS">
          <reporter-output>
          </reporter-output>
        </test-method> <!-- verifyLoginAttempts -->
        <test-method is-config="true" signature="tearDown()[pri:0, instance:com.wadia.qa.testcases.LoginAttemptsTestCases@6eda5c9]" started-at="2024-05-30T16:16:45 IST" name="tearDown" finished-at="2024-05-30T16:16:46 IST" duration-ms="165" status="PASS">
          <reporter-output>
          </reporter-output>
        </test-method> <!-- tearDown -->
      </class> <!-- com.wadia.qa.testcases.LoginAttemptsTestCases -->
    </test> <!-- Default test -->
  </suite> <!-- Default suite -->
</testng-results>
