<?xml version="1.0" encoding="UTF-8"?>
<!-- Generated by org.testng.reporters.JUnitXMLReporter -->
<testsuite ignored="0" hostname="vedant" failures="1" tests="1" name="Invester Test Cases" time="0.011" errors="0" timestamp="2024-04-09T12:04:31 IST">
  <testcase classname="com.wadia.qa.testcases.InvestorTestCases" name="TestInvesterDetailsPage" time="0.005">
    <failure type="java.lang.NullPointerException" message="Cannot invoke &amp;quot;org.openqa.selenium.SearchContext.findElement(org.openqa.selenium.By)&amp;quot; because &amp;quot;this.searchContext&amp;quot; is null">
      <![CDATA[java.lang.NullPointerException: Cannot invoke "org.openqa.selenium.SearchContext.findElement(org.openqa.selenium.By)" because "this.searchContext" is null
at org.openqa.selenium.support.pagefactory.DefaultElementLocator.findElement(DefaultElementLocator.java:69)
at org.openqa.selenium.support.pagefactory.internal.LocatingElementHandler.invoke(LocatingElementHandler.java:38)
at jdk.proxy2/jdk.proxy2.$Proxy10.click(Unknown Source)
at com.wadia.qa.page.Investor.testInvestDetails(Investor.java:45)
at com.wadia.qa.testcases.InvestorTestCases.TestInvesterDetailsPage(InvestorTestCases.java:22)
at java.base/java.util.ArrayList.forEach(ArrayList.java:1511)
... Removed 27 stack frames]]>
    </failure>
  </testcase> <!-- TestInvesterDetailsPage -->
</testsuite> <!-- Invester Test Cases -->
